<?xml version="1.0" encoding="UTF-8"?>
<testng-results ignored="0" total="1" passed="1" failed="0" skipped="0">
  <reporter-output>
  </reporter-output>
  <suite started-at="2022-12-17T18:24:17 EST" name="Default suite" finished-at="2022-12-17T18:24:25 EST" duration-ms="8700">
    <groups>
    </groups>
    <test started-at="2022-12-17T18:24:17 EST" name="Default test" finished-at="2022-12-17T18:24:25 EST" duration-ms="8700">
      <class name="Functional.TC_001_ValidInputs">
        <test-method is-config="true" signature="setUp()[pri:0, instance:Functional.TC_001_ValidInputs@316bcf94]" started-at="2022-12-17T18:24:17 EST" name="setUp" finished-at="2022-12-17T18:24:23 EST" duration-ms="6538" status="PASS">
          <reporter-output>
          </reporter-output>
        </test-method> <!-- setUp -->
        <test-method signature="calculateCarb()[pri:0, instance:Functional.TC_001_ValidInputs@316bcf94]" started-at="2022-12-17T18:24:23 EST" name="calculateCarb" finished-at="2022-12-17T18:24:25 EST" duration-ms="1423" status="PASS">
          <reporter-output>
          </reporter-output>
        </test-method> <!-- calculateCarb -->
        <test-method is-config="true" signature="afterClass()[pri:0, instance:Functional.TC_001_ValidInputs@316bcf94]" started-at="2022-12-17T18:24:25 EST" name="afterClass" finished-at="2022-12-17T18:24:25 EST" duration-ms="685" status="PASS">
          <reporter-output>
          </reporter-output>
        </test-method> <!-- afterClass -->
      </class> <!-- Functional.TC_001_ValidInputs -->
    </test> <!-- Default test -->
  </suite> <!-- Default suite -->
</testng-results>
